0 info it worked if it ends with ok
1 verbose cli [ 'C:\\Program Files\\nodejs\\\\node.exe',
1 verbose cli   'C:\\Program Files\\nodejs\\node_modules\\npm\\bin\\npm-cli.js',
1 verbose cli   'install',
1 verbose cli   'server' ]
2 info using npm@1.3.11
3 info using node@v0.10.21
4 verbose node symlink C:\Program Files\nodejs\\node.exe
5 warn package.json Basic_WebSocket_Server@0.1.0 No repository field.
6 verbose readDependencies using package.json deps
7 verbose cache add [ 'server', null ]
8 verbose cache add name=undefined spec="server" args=["server",null]
9 verbose parsed url { protocol: null,
9 verbose parsed url   slashes: null,
9 verbose parsed url   auth: null,
9 verbose parsed url   host: null,
9 verbose parsed url   port: null,
9 verbose parsed url   hostname: null,
9 verbose parsed url   hash: null,
9 verbose parsed url   search: null,
9 verbose parsed url   query: null,
9 verbose parsed url   pathname: 'server',
9 verbose parsed url   path: 'server',
9 verbose parsed url   href: 'server' }
10 silly lockFile 3de4f901-server server
11 verbose lock server C:\Users\Admin\AppData\Roaming\npm-cache\3de4f901-server.lock
12 silly lockFile 3de4f901-server server
13 silly lockFile 3de4f901-server server
14 verbose addNamed [ 'server', '' ]
15 verbose addNamed [ null, '*' ]
16 silly lockFile 0b95d1cc-server server@
17 verbose lock server@ C:\Users\Admin\AppData\Roaming\npm-cache\0b95d1cc-server.lock
18 silly addNameRange { name: 'server', range: '*', hasData: false }
19 verbose url raw server
20 verbose url resolving [ 'https://registry.npmjs.org/', './server' ]
21 verbose url resolved https://registry.npmjs.org/server
22 info trying registry request attempt 1 at 11:39:16
23 http GET https://registry.npmjs.org/server
24 info retry will retry, error on last attempt: Error: connect ECONNREFUSED
25 info trying registry request attempt 2 at 11:39:30
26 http GET https://registry.npmjs.org/server
27 info retry will retry, error on last attempt: Error: connect ECONNREFUSED
28 info trying registry request attempt 3 at 11:40:31
29 http GET https://registry.npmjs.org/server
30 silly lockFile 0b95d1cc-server server@
31 silly lockFile 0b95d1cc-server server@
32 error Error: connect ECONNREFUSED
32 error     at errnoException (net.js:901:11)
32 error     at Object.afterConnect [as oncomplete] (net.js:892:19)
32 error  { [Error: connect ECONNREFUSED]
32 error   code: 'ECONNREFUSED',
32 error   errno: 'ECONNREFUSED',
32 error   syscall: 'connect' }
33 error If you are behind a proxy, please make sure that the
33 error 'proxy' config is set properly.  See: 'npm help config'
34 error System Windows_NT 6.1.7601
35 error command "C:\\Program Files\\nodejs\\\\node.exe" "C:\\Program Files\\nodejs\\node_modules\\npm\\bin\\npm-cli.js" "install" "server"
36 error cwd C:\SENG4800\builder_ui\server
37 error node -v v0.10.21
38 error npm -v 1.3.11
39 error syscall connect
40 error code ECONNREFUSED
41 error errno ECONNREFUSED
42 error stack Error: connect ECONNREFUSED
42 error stack     at errnoException (net.js:901:11)
42 error stack     at Object.afterConnect [as oncomplete] (net.js:892:19)
43 verbose exit [ 1, true ]
